<?xml version="1.0" encoding="UTF-8"?>
<robot generator="Robot 5.0.1 (Python 3.10.0 on win32)" generated="20221012 10:11:16.830" rpa="false" schemaversion="3">
<suite id="s1" name="automacaoFormulario" source="C:\CursoUdemy\AprendendoRobotFramework\AutomacaoRobotFramework\automacaoFormulario.robot">
<test id="s1-t1" name="Cenario 1: preencher formulario" line="30">
<kw name="abrir navegador e acessar site">
<kw name="Open Browser" library="SeleniumLibrary">
<arg>https://itera-qa.azurewebsites.net/home/automation</arg>
<arg>chrome</arg>
<doc>Opens a new browser instance to the optional ``url``.</doc>
<msg timestamp="20221012 10:11:16.972" level="INFO">Opening browser 'chrome' to base url 'https://itera-qa.azurewebsites.net/home/automation'.</msg>
<status status="PASS" starttime="20221012 10:11:16.972" endtime="20221012 10:11:20.538"/>
</kw>
<status status="PASS" starttime="20221012 10:11:16.972" endtime="20221012 10:11:20.538"/>
</kw>
<kw name="preencher campos">
<kw name="Input Text" library="SeleniumLibrary">
<arg>${input_name}</arg>
<arg>Jose Silva</arg>
<doc>Types the given ``text`` into the text field identified by ``locator``.</doc>
<msg timestamp="20221012 10:11:20.539" level="INFO">Typing text 'Jose Silva' into text field '//input[@aria-describedby='name']'.</msg>
<status status="PASS" starttime="20221012 10:11:20.539" endtime="20221012 10:11:20.621"/>
</kw>
<kw name="Input Text" library="SeleniumLibrary">
<arg>${input_phone}</arg>
<arg>999999999</arg>
<doc>Types the given ``text`` into the text field identified by ``locator``.</doc>
<msg timestamp="20221012 10:11:20.621" level="INFO">Typing text '999999999' into text field '//input[contains(@aria-describedby,'phone')]'.</msg>
<status status="PASS" starttime="20221012 10:11:20.621" endtime="20221012 10:11:20.688"/>
</kw>
<kw name="Input Text" library="SeleniumLibrary">
<arg>${input_email}</arg>
<arg>josesilva@email.com</arg>
<doc>Types the given ``text`` into the text field identified by ``locator``.</doc>
<msg timestamp="20221012 10:11:20.688" level="INFO">Typing text 'josesilva@email.com' into text field '//input[contains(@type,'email')]'.</msg>
<status status="PASS" starttime="20221012 10:11:20.688" endtime="20221012 10:11:20.768"/>
</kw>
<kw name="Input Text" library="SeleniumLibrary">
<arg>${input_password}</arg>
<arg>02356</arg>
<doc>Types the given ``text`` into the text field identified by ``locator``.</doc>
<msg timestamp="20221012 10:11:20.768" level="INFO">Typing text '02356' into text field '//input[contains(@type,'password')]'.</msg>
<status status="PASS" starttime="20221012 10:11:20.768" endtime="20221012 10:11:20.823"/>
</kw>
<kw name="Input Text" library="SeleniumLibrary">
<arg>${textarea_address}</arg>
<arg>rua endereco de tal</arg>
<doc>Types the given ``text`` into the text field identified by ``locator``.</doc>
<msg timestamp="20221012 10:11:20.823" level="INFO">Typing text 'rua endereco de tal' into text field '//textarea[contains(@class,'form-control')]'.</msg>
<status status="PASS" starttime="20221012 10:11:20.823" endtime="20221012 10:11:20.883"/>
</kw>
<status status="PASS" starttime="20221012 10:11:20.538" endtime="20221012 10:11:20.883"/>
</kw>
<kw name="clicar em submit">
<kw name="Click Element" library="SeleniumLibrary">
<arg>${button_submit}</arg>
<doc>Click the element identified by ``locator``.</doc>
<msg timestamp="20221012 10:11:20.884" level="INFO">Clicking element '//button[@type='submit'][contains(.,'Submit')]'.</msg>
<status status="PASS" starttime="20221012 10:11:20.884" endtime="20221012 10:11:20.919"/>
</kw>
<status status="PASS" starttime="20221012 10:11:20.883" endtime="20221012 10:11:20.920"/>
</kw>
<kw name="fechar nevegador">
<kw name="Close Browser" library="SeleniumLibrary">
<doc>Closes the current browser.</doc>
<status status="PASS" starttime="20221012 10:11:20.920" endtime="20221012 10:11:23.092"/>
</kw>
<status status="PASS" starttime="20221012 10:11:20.920" endtime="20221012 10:11:23.092"/>
</kw>
<status status="PASS" starttime="20221012 10:11:16.971" endtime="20221012 10:11:23.093"/>
</test>
<status status="PASS" starttime="20221012 10:11:16.831" endtime="20221012 10:11:23.094"/>
</suite>
<statistics>
<total>
<stat pass="1" fail="0" skip="0">All Tests</stat>
</total>
<tag>
</tag>
<suite>
<stat pass="1" fail="0" skip="0" id="s1" name="automacaoFormulario">automacaoFormulario</stat>
</suite>
</statistics>
<errors>
</errors>
</robot>
